[18-Oct-2021 11:02:09] NOTICE: fpm is running, pid 352
[18-Oct-2021 11:02:09] NOTICE: ready to handle connections
[18-Oct-2021 13:06:52] NOTICE: Terminating ...
[18-Oct-2021 13:06:52] NOTICE: exiting, bye-bye!
[18-Oct-2021 13:43:36] NOTICE: fpm is running, pid 366
[18-Oct-2021 13:43:36] NOTICE: ready to handle connections
[18-Oct-2021 14:39:25] NOTICE: Terminating ...
[18-Oct-2021 14:39:25] NOTICE: exiting, bye-bye!
[18-Oct-2021 14:44:53] NOTICE: fpm is running, pid 366
[18-Oct-2021 14:44:53] NOTICE: ready to handle connections
[18-Oct-2021 14:45:47] NOTICE: Terminating ...
[18-Oct-2021 14:45:47] NOTICE: exiting, bye-bye!
[18-Oct-2021 14:49:33] NOTICE: fpm is running, pid 368
[18-Oct-2021 14:49:33] NOTICE: ready to handle connections
[18-Oct-2021 15:01:51] NOTICE: Terminating ...
[18-Oct-2021 15:01:51] NOTICE: exiting, bye-bye!
[18-Oct-2021 17:21:00] NOTICE: fpm is running, pid 362
[18-Oct-2021 17:21:00] NOTICE: ready to handle connections
[18-Oct-2021 17:29:33] NOTICE: fpm is running, pid 364
[18-Oct-2021 17:29:33] NOTICE: ready to handle connections
[18-Oct-2021 17:31:59] NOTICE: Terminating ...
[18-Oct-2021 17:31:59] NOTICE: exiting, bye-bye!
[18-Oct-2021 17:40:40] NOTICE: fpm is running, pid 366
[18-Oct-2021 17:40:40] NOTICE: ready to handle connections
[18-Oct-2021 17:46:09] NOTICE: Terminating ...
[18-Oct-2021 17:46:09] NOTICE: exiting, bye-bye!
[18-Oct-2021 17:46:35] NOTICE: fpm is running, pid 368
[18-Oct-2021 17:46:35] NOTICE: ready to handle connections
[18-Oct-2021 17:48:27] NOTICE: Terminating ...
[18-Oct-2021 17:48:27] NOTICE: exiting, bye-bye!
[18-Oct-2021 17:54:39] NOTICE: fpm is running, pid 366
[18-Oct-2021 17:54:39] NOTICE: ready to handle connections
[18-Oct-2021 18:00:07] NOTICE: Terminating ...
[18-Oct-2021 18:00:07] NOTICE: exiting, bye-bye!
[18-Oct-2021 18:39:52] NOTICE: fpm is running, pid 368
[18-Oct-2021 18:39:52] NOTICE: ready to handle connections
[18-Oct-2021 18:39:58] NOTICE: Terminating ...
[18-Oct-2021 18:39:58] NOTICE: exiting, bye-bye!
[18-Oct-2021 18:54:02] NOTICE: fpm is running, pid 374
[18-Oct-2021 18:54:02] NOTICE: ready to handle connections
[18-Oct-2021 19:25:47] NOTICE: Terminating ...
[18-Oct-2021 19:25:47] NOTICE: exiting, bye-bye!
[18-Oct-2021 19:53:15] NOTICE: fpm is running, pid 366
[18-Oct-2021 19:53:15] NOTICE: ready to handle connections
[18-Oct-2021 19:55:17] NOTICE: Terminating ...
[18-Oct-2021 19:55:17] NOTICE: exiting, bye-bye!
[18-Oct-2021 19:57:15] NOTICE: fpm is running, pid 365
[18-Oct-2021 19:57:15] NOTICE: ready to handle connections
[18-Oct-2021 20:37:26] NOTICE: Terminating ...
[18-Oct-2021 20:37:26] NOTICE: exiting, bye-bye![24-Oct-2021 16:05:32] NOTICE: fpm is running, pid 366
[24-Oct-2021 16:05:32] NOTICE: ready to handle connections
[24-Oct-2021 16:14:56] NOTICE: Terminating ...
[24-Oct-2021 16:14:56] NOTICE: exiting, bye-bye!
[24-Oct-2021 16:16:01] NOTICE: fpm is running, pid 364
[24-Oct-2021 16:16:01] NOTICE: ready to handle connections
[24-Oct-2021 16:18:48] NOTICE: Terminating ...
[24-Oct-2021 16:18:48] NOTICE: exiting, bye-bye!
[24-Oct-2021 16:20:45] NOTICE: fpm is running, pid 364
[24-Oct-2021 16:20:45] NOTICE: ready to handle connections
[24-Oct-2021 16:23:50] NOTICE: Terminating ...
[24-Oct-2021 16:23:50] NOTICE: exiting, bye-bye!
[24-Oct-2021 16:25:13] NOTICE: fpm is running, pid 369
[24-Oct-2021 16:25:13] NOTICE: ready to handle connections
[24-Oct-2021 16:28:42] NOTICE: Terminating ...
[24-Oct-2021 16:28:42] NOTICE: exiting, bye-bye!
[24-Oct-2021 16:34:15] NOTICE: fpm is running, pid 365
[24-Oct-2021 16:34:15] NOTICE: ready to handle connections
[24-Oct-2021 16:47:18] NOTICE: Terminating ...
[24-Oct-2021 16:47:18] NOTICE: exiting, bye-bye!
[24-Oct-2021 16:50:41] NOTICE: fpm is running, pid 365
[24-Oct-2021 16:50:41] NOTICE: ready to handle connections
[24-Oct-2021 16:53:44] NOTICE: Terminating ...
[24-Oct-2021 16:53:44] NOTICE: exiting, bye-bye!
[24-Oct-2021 16:54:54] NOTICE: fpm is running, pid 366
[24-Oct-2021 16:54:54] NOTICE: ready to handle connections
[24-Oct-2021 16:59:14] NOTICE: Terminating ...
[24-Oct-2021 16:59:14] NOTICE: exiting, bye-bye!
[24-Oct-2021 17:00:31] NOTICE: fpm is running, pid 366
[24-Oct-2021 17:00:31] NOTICE: ready to handle connections
[24-Oct-2021 17:03:16] NOTICE: Terminating ...
[24-Oct-2021 17:03:16] NOTICE: exiting, bye-bye!
[24-Oct-2021 17:05:46] NOTICE: fpm is running, pid 369
[24-Oct-2021 17:05:46] NOTICE: ready to handle connections
[24-Oct-2021 17:09:00] NOTICE: Terminating ...
[24-Oct-2021 17:09:00] NOTICE: exiting, bye-bye!
[24-Oct-2021 17:09:51] NOTICE: fpm is running, pid 368
[24-Oct-2021 17:09:51] NOTICE: ready to handle connections
[24-Oct-2021 17:12:38] NOTICE: Terminating ...
[24-Oct-2021 17:12:38] NOTICE: exiting, bye-bye!
[24-Oct-2021 17:13:17] NOTICE: fpm is running, pid 366
[24-Oct-2021 17:13:17] NOTICE: ready to handle connections
[24-Oct-2021 17:17:20] NOTICE: Terminating ...
[24-Oct-2021 17:17:20] NOTICE: exiting, bye-bye!
[24-Oct-2021 17:19:36] NOTICE: fpm is running, pid 364
[24-Oct-2021 17:19:36] NOTICE: ready to handle connections
[24-Oct-2021 17:27:01] NOTICE: Terminating ...
[24-Oct-2021 17:27:01] NOTICE: exiting, bye-bye!
[24-Oct-2021 17:29:52] NOTICE: fpm is running, pid 365
[24-Oct-2021 17:29:52] NOTICE: ready to handle connections
[24-Oct-2021 17:48:07] NOTICE: Terminating ...
[24-Oct-2021 17:48:07] NOTICE: exiting, bye-bye!
[24-Oct-2021 17:50:30] NOTICE: fpm is running, pid 366
[24-Oct-2021 17:50:30] NOTICE: ready to handle connections
[24-Oct-2021 17:57:41] NOTICE: Terminating ...
[24-Oct-2021 17:57:41] NOTICE: exiting, bye-bye!
[24-Oct-2021 18:01:31] NOTICE: fpm is running, pid 365
[24-Oct-2021 18:01:31] NOTICE: ready to handle connections
[24-Oct-2021 18:07:59] NOTICE: Terminating ...
[24-Oct-2021 18:07:59] NOTICE: exiting, bye-bye!
[24-Oct-2021 18:09:27] NOTICE: fpm is running, pid 367
[24-Oct-2021 18:09:27] NOTICE: ready to handle connections
[24-Oct-2021 18:13:16] NOTICE: Terminating ...
[24-Oct-2021 18:13:16] NOTICE: exiting, bye-bye!
[24-Oct-2021 18:13:56] NOTICE: fpm is running, pid 365
[24-Oct-2021 18:13:56] NOTICE: ready to handle connections
[24-Oct-2021 18:36:26] NOTICE: Terminating ...
[24-Oct-2021 18:36:26] NOTICE: exiting, bye-bye!
[24-Oct-2021 18:38:02] NOTICE: fpm is running, pid 366
[24-Oct-2021 18:38:02] NOTICE: ready to handle connections
[24-Oct-2021 18:56:26] NOTICE: Terminating ...
[24-Oct-2021 18:56:26] NOTICE: exiting, bye-bye!
[26-Oct-2021 19:38:28] NOTICE: fpm is running, pid 370
[26-Oct-2021 19:38:28] NOTICE: ready to handle connections
[26-Oct-2021 19:42:02] NOTICE: Terminating ...
[26-Oct-2021 19:42:02] NOTICE: exiting, bye-bye!
[26-Oct-2021 19:42:54] NOTICE: fpm is running, pid 366
[26-Oct-2021 19:42:54] NOTICE: ready to handle connections
[28-Oct-2021 08:26:23] NOTICE: fpm is running, pid 367
[28-Oct-2021 08:26:23] NOTICE: ready to handle connections
[28-Oct-2021 08:37:37] NOTICE: Terminating ...
[28-Oct-2021 08:37:37] NOTICE: exiting, bye-bye!
[28-Oct-2021 09:16:52] NOTICE: fpm is running, pid 366
[28-Oct-2021 09:16:52] NOTICE: ready to handle connections
